<?xml version="1.0" encoding="UTF-8"?>
<robot generator="Robot 3.1.2 (Python 3.6.0 on win32)" generated="20200218 12:53:53.959" rpa="false">
<suite id="s1" name="SETTEXT" source="C:\Users\LIJAMANNATHARA\Desktop\SETTEXT.robot">
<test id="s1-t1" name="SETTEXT">
<kw name="Connect To Session" library="SapGuiLibrary">
<doc>Connects to an open session SAP.</doc>
<status status="PASS" starttime="20200218 12:53:54.321" endtime="20200218 12:53:54.371"></status>
</kw>
<kw name="Connect To Existing Connection" library="SapGuiLibrary">
<doc>Connects to an open connection. If the connection matches the given connection_name, the session is connected
to this connection.</doc>
<arguments>
<arg>${connection_name}</arg>
</arguments>
<status status="PASS" starttime="20200218 12:53:54.371" endtime="20200218 12:53:54.396"></status>
</kw>
<kw name="Input Text" library="SapGuiLibrary">
<doc>Inserts the given text into the text field identified by locator.
Use keyword `input password` to insert a password in a text field.</doc>
<arguments>
<arg>${saplogonscreen}${objval}</arg>
<arg>${stepdata}</arg>
</arguments>
<msg timestamp="20200218 12:53:54.417" level="INFO">Typing text 'abc' into text field '/app/con[0]/ses[0]/wnd[0]/usr/txtRSYST-BNAME'.</msg>
<status status="PASS" starttime="20200218 12:53:54.396" endtime="20200218 12:53:54.418"></status>
</kw>
<status status="PASS" starttime="20200218 12:53:54.321" endtime="20200218 12:53:54.418" critical="yes"></status>
</test>
<status status="PASS" starttime="20200218 12:53:53.961" endtime="20200218 12:53:54.418"></status>
</suite>
<statistics>
<total>
<stat pass="1" fail="0">Critical Tests</stat>
<stat pass="1" fail="0">All Tests</stat>
</total>
<tag>
</tag>
<suite>
<stat pass="1" fail="0" id="s1" name="SETTEXT">SETTEXT</stat>
</suite>
</statistics>
<errors>
</errors>
</robot>
